[0m16:42:03.005757 [debug] [MainThread]: Sending event: {'category': 'dbt', 'action': 'invocation', 'label': 'start', 'context': [<snowplow_tracker.self_describing_json.SelfDescribingJson object at 0x10ebf1b10>, <snowplow_tracker.self_describing_json.SelfDescribingJson object at 0x10c2dbf10>, <snowplow_tracker.self_describing_json.SelfDescribingJson object at 0x10eecb110>]}


============================== 16:42:03.012466 | 28e18043-fe73-4561-b8df-ddfd234cac35 ==============================
[0m16:42:03.012466 [info ] [MainThread]: Running with dbt=1.7.4
[0m16:42:03.013130 [debug] [MainThread]: running dbt with arguments {'printer_width': '80', 'indirect_selection': 'eager', 'write_json': 'True', 'log_cache_events': 'False', 'partial_parse': 'True', 'cache_selected_only': 'False', 'warn_error': 'None', 'fail_fast': 'False', 'version_check': 'True', 'log_path': 'logs', 'debug': 'False', 'profiles_dir': '/Users/bhawnabedi/.dbt', 'use_colors': 'True', 'use_experimental_parser': 'False', 'no_print': 'None', 'quiet': 'False', 'log_format': 'default', 'introspect': 'True', 'invocation_command': 'dbt init', 'static_parser': 'True', 'target_path': 'None', 'warn_error_options': 'WarnErrorOptions(include=[], exclude=[])', 'send_anonymous_usage_stats': 'True'}
[0m16:42:16.635445 [debug] [MainThread]: Starter project path: /Library/Frameworks/Python.framework/Versions/3.11/lib/python3.11/site-packages/dbt/include/starter_project
[0m16:42:16.642989 [info ] [MainThread]: 
Your new dbt project "myproject1" was created!

For more information on how to configure the profiles.yml file,
please consult the dbt documentation here:

  https://docs.getdbt.com/docs/configure-your-profile

One more thing:

Need help? Don't hesitate to reach out to us via GitHub issues or on Slack:

  https://community.getdbt.com/

Happy modeling!

[0m16:42:16.643473 [info ] [MainThread]: Setting up your profile.
[0m16:45:01.342963 [info ] [MainThread]: Profile myproject1 written to /Users/bhawnabedi/.dbt/profiles.yml using target's profile_template.yml and your supplied values. Run 'dbt debug' to validate the connection.
[0m16:45:01.697358 [debug] [MainThread]: Resource report: {"command_name": "init", "command_success": true, "command_wall_clock_time": 178.82571, "process_user_time": 3.326888, "process_kernel_time": 0.573138, "process_mem_max_rss": "166154240", "process_in_blocks": "0", "process_out_blocks": "0"}
[0m16:45:01.698067 [debug] [MainThread]: Command `dbt init` succeeded at 16:45:01.697919 after 178.83 seconds
[0m16:45:01.698498 [debug] [MainThread]: Sending event: {'category': 'dbt', 'action': 'invocation', 'label': 'end', 'context': [<snowplow_tracker.self_describing_json.SelfDescribingJson object at 0x10eea8590>, <snowplow_tracker.self_describing_json.SelfDescribingJson object at 0x10f247690>, <snowplow_tracker.self_describing_json.SelfDescribingJson object at 0x128497e90>]}
[0m16:45:01.698951 [debug] [MainThread]: Flushing usage events
[0m16:46:12.148375 [debug] [MainThread]: Sending event: {'category': 'dbt', 'action': 'invocation', 'label': 'start', 'context': [<snowplow_tracker.self_describing_json.SelfDescribingJson object at 0x1077fbbd0>, <snowplow_tracker.self_describing_json.SelfDescribingJson object at 0x104ea4d50>, <snowplow_tracker.self_describing_json.SelfDescribingJson object at 0x107429a10>]}


============================== 16:46:12.153956 | eb319387-d9ef-4f98-9286-5982e05389cc ==============================
[0m16:46:12.153956 [info ] [MainThread]: Running with dbt=1.7.4
[0m16:46:12.154608 [debug] [MainThread]: running dbt with arguments {'printer_width': '80', 'indirect_selection': 'eager', 'write_json': 'True', 'log_cache_events': 'False', 'partial_parse': 'True', 'cache_selected_only': 'False', 'profiles_dir': '/Users/bhawnabedi/.dbt', 'version_check': 'True', 'fail_fast': 'False', 'log_path': 'logs', 'warn_error': 'None', 'debug': 'False', 'use_colors': 'True', 'use_experimental_parser': 'False', 'no_print': 'None', 'quiet': 'False', 'log_format': 'default', 'invocation_command': 'dbt debug --config-dir', 'introspect': 'True', 'warn_error_options': 'WarnErrorOptions(include=[], exclude=[])', 'target_path': 'None', 'static_parser': 'True', 'send_anonymous_usage_stats': 'True'}
[0m16:46:12.155320 [info ] [MainThread]: To view your profiles.yml file, run:

open /Users/bhawnabedi/.dbt
[0m16:46:12.156724 [debug] [MainThread]: Resource report: {"command_name": "debug", "command_success": true, "command_wall_clock_time": 0.06648223, "process_user_time": 1.89918, "process_kernel_time": 0.185371, "process_mem_max_rss": "110424064", "process_in_blocks": "0", "process_out_blocks": "0"}
[0m16:46:12.157394 [debug] [MainThread]: Command `dbt debug` succeeded at 16:46:12.157231 after 0.07 seconds
[0m16:46:12.157849 [debug] [MainThread]: Sending event: {'category': 'dbt', 'action': 'invocation', 'label': 'end', 'context': [<snowplow_tracker.self_describing_json.SelfDescribingJson object at 0x107816490>, <snowplow_tracker.self_describing_json.SelfDescribingJson object at 0x107450ad0>, <snowplow_tracker.self_describing_json.SelfDescribingJson object at 0x10725e850>]}
[0m16:46:12.158278 [debug] [MainThread]: Flushing usage events
